Drill report for kc2_left-x3.kicad_pcb
Created on 2026-06-05T13:36:12

Copper Layer Stackup:
    =============================================================
    L1 :  F.Cu                      front
    L2 :  B.Cu                      back


Drill file 'kc2_left-x3-PTH.drl' contains
    plated through holes:
    =============================================================
    T1  0.300mm  0.0118"  (20 holes))
    T2  0.900mm  0.0354"  (4 holes))
    T3  0.950mm  0.0374"  (24 holes))
    T4  1.270mm  0.0500"  (64 holes))

    Total plated holes count 112


Drill file 'kc2_left-x3-NPTH.drl' contains
    unplated through holes:
    =============================================================
    T1  1.300mm  0.0512"  (4 holes))
    T2  1.702mm  0.0670"  (64 holes))
    T3  2.200mm  0.0866"  (5 holes))
    T4  3.000mm  0.1181"  (64 holes))
    T5  3.429mm  0.1350"  (32 holes))

    Total unplated holes count 169
