Drill report for kc2_right.kicad_pcb
Created on 2026-06-06T08:41:42

Copper Layer Stackup:
    =============================================================
    L1 :  F.Cu                      front
    L2 :  B.Cu                      back


Drill file 'kc2_right-PTH.drl' contains
    plated through holes:
    =============================================================
    T1  0.300mm  0.0118"  (70 holes))
    T2  0.950mm  0.0374"  (24 holes))
    T3  1.270mm  0.0500"  (90 holes))

    Total plated holes count 184


Drill file 'kc2_right-NPTH.drl' contains
    unplated through holes:
    =============================================================
    T1  1.702mm  0.0670"  (90 holes))
    T2  2.200mm  0.0866"  (5 holes))
    T3  3.000mm  0.1181"  (90 holes))
    T4  3.429mm  0.1350"  (45 holes))

    Total unplated holes count 230
