Drill report for kc2_left.kicad_pcb
Created on 2026-06-06T01:50:45

Copper Layer Stackup:
    =============================================================
    L1 :  F.Cu                      front
    L2 :  B.Cu                      back


Drill file 'kc2_left-PTH.drl' contains
    plated through holes:
    =============================================================
    T1  0.300mm  0.0118"  (68 holes))
    T2  0.950mm  0.0374"  (24 holes))
    T3  1.270mm  0.0500"  (64 holes))

    Total plated holes count 156


Drill file 'kc2_left-NPTH.drl' contains
    unplated through holes:
    =============================================================
    T1  1.702mm  0.0670"  (64 holes))
    T2  2.200mm  0.0866"  (4 holes))
    T3  3.000mm  0.1181"  (64 holes))
    T4  3.429mm  0.1350"  (32 holes))

    Total unplated holes count 164
